2025-06-02 22:44:58,621 | INFO | pipeline.py:31 | Initialized FraudPreprocessor
2025-06-02 22:44:58,809 | INFO | pipeline.py:43 | Preprocessing data (training mode)
2025-06-02 22:44:58,822 | INFO | feature_engineering.py:26 | Handling missing values with strategy: median
2025-06-02 22:44:58,840 | INFO | feature_engineering.py:47 | No missing values found in the dataset
2025-06-02 22:44:58,844 | INFO | feature_engineering.py:188 | Creating time-based features
2025-06-02 22:44:58,884 | INFO | feature_engineering.py:210 | Created time-based features: hour_of_day, day_of_week, is_weekend
2025-06-02 22:44:58,889 | INFO | feature_engineering.py:223 | Creating amount-based features
2025-06-02 22:44:59,013 | INFO | feature_engineering.py:247 | Created amount-based features
2025-06-02 22:44:59,017 | INFO | feature_engineering.py:147 | Scaling features using standard scaler
2025-06-02 22:44:59,161 | INFO | feature_engineering.py:175 | Scaled 30 features
2025-06-02 22:44:59,165 | INFO | pipeline.py:97 | Preprocessing complete. Output shape: (227845, 41)
2025-06-02 22:44:59,166 | INFO | pipeline.py:43 | Preprocessing data (inference mode)
2025-06-02 22:44:59,169 | INFO | feature_engineering.py:26 | Handling missing values with strategy: median
2025-06-02 22:44:59,174 | INFO | feature_engineering.py:47 | No missing values found in the dataset
2025-06-02 22:44:59,175 | INFO | feature_engineering.py:188 | Creating time-based features
2025-06-02 22:44:59,188 | INFO | feature_engineering.py:210 | Created time-based features: hour_of_day, day_of_week, is_weekend
2025-06-02 22:44:59,190 | INFO | feature_engineering.py:223 | Creating amount-based features
2025-06-02 22:44:59,223 | INFO | feature_engineering.py:247 | Created amount-based features
2025-06-02 22:44:59,245 | INFO | pipeline.py:97 | Preprocessing complete. Output shape: (56962, 41)
2025-06-02 22:44:59,667 | INFO | pipeline.py:110 | Splitting features and target
2025-06-02 22:44:59,688 | INFO | pipeline.py:110 | Splitting features and target
2025-06-02 22:45:10,795 | INFO | pipeline.py:132 | Preprocessor saved to ..\models\preprocessing_pipeline.pkl
