2025-05-03 14:49:10,237 | INFO | pipeline.py:110 | Splitting features and target
2025-05-03 14:49:10,248 | INFO | pipeline.py:110 | Splitting features and target
2025-05-03 14:49:10,260 | INFO | 1585683291.py:1 | XGBoost modeli eðitiliyor...
2025-05-03 14:49:10,260 | INFO | base_model.py:29 | Initialized xgboost model
2025-05-03 14:49:10,261 | INFO | xgboost.py:31 | Training XGBoost model with 68235 samples
2025-05-03 14:49:11,961 | INFO | xgboost.py:63 | XGBoost model training completed
2025-05-03 14:49:11,963 | INFO | xgboost.py:71 | Making predictions on 68235 samples
2025-05-03 14:49:12,056 | INFO | xgboost.py:80 | Making probability predictions on 68235 samples
2025-05-03 14:59:14,675 | INFO | 617186421.py:4 | XGBoost modeli eðitiliyor...
2025-05-03 14:59:14,676 | INFO | base_model.py:29 | Initialized xgboost model
2025-05-03 14:59:14,676 | INFO | xgboost.py:31 | Training XGBoost model with 68235 samples
2025-05-03 14:59:16,518 | INFO | xgboost.py:63 | XGBoost model training completed
2025-05-03 14:59:16,521 | INFO | xgboost.py:71 | Making predictions on 68235 samples
2025-05-03 14:59:16,630 | INFO | xgboost.py:71 | Making predictions on 56962 samples
2025-05-03 14:59:17,070 | INFO | 3346838185.py:1 | Lojistik Regresyon modeli eðitiliyor...
2025-05-03 14:59:17,071 | INFO | base_model.py:29 | Initialized logistic_regression model
2025-05-03 14:59:17,072 | INFO | logistic_regression.py:36 | Training Logistic Regression model with 68235 samples
2025-05-03 14:59:17,756 | INFO | logistic_regression.py:39 | Logistic Regression model training completed
2025-05-03 14:59:17,757 | INFO | logistic_regression.py:47 | Making predictions on 68235 samples
2025-05-03 14:59:17,771 | INFO | logistic_regression.py:55 | Making probability predictions on 68235 samples
2025-05-03 14:59:17,799 | INFO | logistic_regression.py:47 | Making predictions on 56962 samples
2025-05-03 14:59:17,811 | INFO | logistic_regression.py:55 | Making probability predictions on 56962 samples
2025-05-03 14:59:18,371 | WARNING | pipeline.py:160 | Model doesn't have feature_importances_ attribute
